{"target": -0.6364401538416651, "params": {"infection_kernel_0": 0.01, "infection_kernel_1": 0.01, "pDieAlternate": 0.0025, "pInfectIntake": 0.03, "pInsusceptibleIntake": 0.16134842021064857, "pSusceptibleIntake": 0.05}, "datetime": {"datetime": "2019-03-19 20:17:48", "elapsed": 825.589772, "delta": 13.392429}}
{"target": -0.18534718580140697, "params": {"infection_kernel_0": 0.055929545264693396, "infection_kernel_1": 0.001, "pDieAlternate": 0.0025, "pInfectIntake": 0.03, "pInsusceptibleIntake": 0.2, "pSusceptibleIntake": 0.2}, "datetime": {"datetime": "2019-03-19 20:18:04", "elapsed": 841.896555, "delta": 16.306783}}
{"target": -0.20598928753848436, "params": {"infection_kernel_0": 0.039021613466646184, "infection_kernel_1": 0.001, "pDieAlternate": 0.0025, "pInfectIntake": 0.03, "pInsusceptibleIntake": 0.2, "pSusceptibleIntake": 0.2}, "datetime": {"datetime": "2019-03-19 20:18:20", "elapsed": 857.225947, "delta": 15.329392}}
{"target": -0.2268050347809629, "params": {"infection_kernel_0": 0.04576948348060091, "infection_kernel_1": 0.001, "pDieAlternate": 0.0025, "pInfectIntake": 0.03, "pInsusceptibleIntake": 0.2, "pSusceptibleIntake": 0.15540603149574334}, "datetime": {"datetime": "2019-03-19 20:18:35", "elapsed": 873.041695, "delta": 15.815748}}
{"target": -0.22232581933763954, "params": {"infection_kernel_0": 0.07579595462238076, "infection_kernel_1": 0.001, "pDieAlternate": 0.0025, "pInfectIntake": 0.03, "pInsusceptibleIntake": 0.2, "pSusceptibleIntake": 0.15051637849610003}, "datetime": {"datetime": "2019-03-19 20:18:50", "elapsed": 887.367438, "delta": 14.325743}}
{"target": -0.3351338155159392, "params": {"infection_kernel_0": 0.01, "infection_kernel_1": 0.001, "pDieAlternate": 0.0025, "pInfectIntake": 0.03, "pInsusceptibleIntake": 0.2, "pSusceptibleIntake": 0.15510493195604755}, "datetime": {"datetime": "2019-03-19 20:19:05", "elapsed": 902.806261, "delta": 15.438823}}
