{"target": -0.6168169882251172, "params": {"infection_kernel_0": 0.07444820598879125, "infection_kernel_1": 0.007028303043869126, "pDieAlternate": 0.006867223122078006, "pInfectIntake": 0.026791500112481957, "pInsusceptibleIntake": 0.1687058146384065, "pSusceptibleIntake": 0.17346153207150125}, "datetime": {"datetime": "2019-03-19 20:04:02", "elapsed": 0.0, "delta": 0.0}}
{"target": -0.5866550156554851, "params": {"infection_kernel_0": 0.05744796929970666, "infection_kernel_1": 0.006138659247616325, "pDieAlternate": 0.007409868673369029, "pInfectIntake": 0.028370518579214465, "pInsusceptibleIntake": 0.18900122248642884, "pSusceptibleIntake": 0.054583233549497644}, "datetime": {"datetime": "2019-03-19 20:04:21", "elapsed": 18.521311, "delta": 18.521311}}
{"target": -1.1611408242439536, "params": {"infection_kernel_0": 0.039690829278226265, "infection_kernel_1": 0.007763994200782921, "pDieAlternate": 0.009965642546562304, "pInfectIntake": 0.007527724792391597, "pInsusceptibleIntake": 0.054301115837085065, "pSusceptibleIntake": 0.1461696820150854}, "datetime": {"datetime": "2019-03-19 20:04:32", "elapsed": 30.021161, "delta": 11.49985}}
{"target": -1.0052425539797885, "params": {"infection_kernel_0": 0.06760519887129655, "infection_kernel_1": 0.005408927655952294, "pDieAlternate": 0.00791018860815714, "pInfectIntake": 0.02230798646077995, "pInsusceptibleIntake": 0.05169032791246678, "pSusceptibleIntake": 0.1345398226558503}, "datetime": {"datetime": "2019-03-19 20:04:41", "elapsed": 38.784424, "delta": 8.763263}}
{"target": -0.9046825933046216, "params": {"infection_kernel_0": 0.054455792091020735, "infection_kernel_1": 0.00927281973900516, "pDieAlternate": 0.00867153729118972, "pInfectIntake": 0.007481658730890279, "pInsusceptibleIntake": 0.17123830280362695, "pSusceptibleIntake": 0.17244731392505658}, "datetime": {"datetime": "2019-03-19 20:04:52", "elapsed": 49.596972, "delta": 10.812548}}
{"target": -0.6333386275908313, "params": {"infection_kernel_0": 0.0774351127798386, "infection_kernel_1": 0.007146315489040173, "pDieAlternate": 0.006808473327101435, "pInfectIntake": 0.00827812118303534, "pInsusceptibleIntake": 0.1655519964200389, "pSusceptibleIntake": 0.06860798414809072}, "datetime": {"datetime": "2019-03-19 20:05:00", "elapsed": 57.571734, "delta": 7.974762}}
{"target": -0.7063687124426264, "params": {"infection_kernel_0": 0.02039716372278405, "infection_kernel_1": 0.009670033089487079, "pDieAlternate": 0.007371694047765564, "pInfectIntake": 0.022363290020263913, "pInsusceptibleIntake": 0.10219588548189348, "pSusceptibleIntake": 0.18936424174384187}, "datetime": {"datetime": "2019-03-19 20:05:09", "elapsed": 67.090358, "delta": 9.518624}}
{"target": -1.0195297631424936, "params": {"infection_kernel_0": 0.07917890422327512, "infection_kernel_1": 0.004366557190789029, "pDieAlternate": 0.0058688179097318785, "pInfectIntake": 0.005685031713532769, "pInsusceptibleIntake": 0.02900857805663852, "pSusceptibleIntake": 0.13283101815495546}, "datetime": {"datetime": "2019-03-19 20:05:19", "elapsed": 76.602065, "delta": 9.511707}}
{"target": -0.37230659644207525, "params": {"infection_kernel_0": 0.05691766521716256, "infection_kernel_1": 0.0028914363692375007, "pDieAlternate": 0.004320122536862071, "pInfectIntake": 0.01006258339950068, "pInsusceptibleIntake": 0.09017135059875173, "pSusceptibleIntake": 0.1018715763618114}, "datetime": {"datetime": "2019-03-19 20:05:28", "elapsed": 85.350791, "delta": 8.748726}}
{"target": -1.3176039197697336, "params": {"infection_kernel_0": 0.012507623564964081, "infection_kernel_1": 0.008850943877146553, "pDieAlternate": 0.009722432312738236, "pInfectIntake": 0.013582306874704575, "pInsusceptibleIntake": 0.03429267111192631, "pSusceptibleIntake": 0.1751889352570014}, "datetime": {"datetime": "2019-03-19 20:05:38", "elapsed": 95.809897, "delta": 10.459106}}
{"target": -0.749110596787174, "params": {"infection_kernel_0": 0.09378145416872952, "infection_kernel_1": 0.006671560419993652, "pDieAlternate": 0.008982441663824723, "pInfectIntake": 0.022001995479938093, "pInsusceptibleIntake": 0.0943696111345099, "pSusceptibleIntake": 0.11000241077291731}, "datetime": {"datetime": "2019-03-19 20:05:46", "elapsed": 104.022489, "delta": 8.212592}}
{"target": -0.7335330640335952, "params": {"infection_kernel_0": 0.0890469622508929, "infection_kernel_1": 0.006910890707108901, "pDieAlternate": 0.005229934990237808, "pInfectIntake": 0.009876405498546001, "pInsusceptibleIntake": 0.08779096055933308, "pSusceptibleIntake": 0.19759645869020764}, "datetime": {"datetime": "2019-03-19 20:05:57", "elapsed": 114.547975, "delta": 10.525486}}
{"target": -0.7470147348711609, "params": {"infection_kernel_0": 0.08056091581771781, "infection_kernel_1": 0.003726498968743712, "pDieAlternate": 0.0087710759760729, "pInfectIntake": 0.027136787634289932, "pInsusceptibleIntake": 0.08088356553104512, "pSusceptibleIntake": 0.08321854178537386}, "datetime": {"datetime": "2019-03-19 20:06:05", "elapsed": 122.732641, "delta": 8.184666}}
{"target": -1.2524948884695595, "params": {"infection_kernel_0": 0.09338330869274875, "infection_kernel_1": 0.00506243173843432, "pDieAlternate": 0.009340919891852855, "pInfectIntake": 0.025183774684903373, "pInsusceptibleIntake": 0.03942556782270138, "pSusceptibleIntake": 0.17056642777306202}, "datetime": {"datetime": "2019-03-19 20:06:14", "elapsed": 131.238634, "delta": 8.505993}}
{"target": -0.6021572115525187, "params": {"infection_kernel_0": 0.09981266648165306, "infection_kernel_1": 0.006225933141911583, "pDieAlternate": 0.007233694210672449, "pInfectIntake": 0.012346917553181309, "pInsusceptibleIntake": 0.12687875270826482, "pSusceptibleIntake": 0.1354220249422775}, "datetime": {"datetime": "2019-03-19 20:06:23", "elapsed": 140.184852, "delta": 8.946218}}
{"target": -0.6962862497918035, "params": {"infection_kernel_0": 0.09140307883651934, "infection_kernel_1": 0.002947393504785332, "pDieAlternate": 0.009922389251259673, "pInfectIntake": 0.011918685706818083, "pInsusceptibleIntake": 0.17250651191242566, "pSusceptibleIntake": 0.09479253766448231}, "datetime": {"datetime": "2019-03-19 20:06:31", "elapsed": 148.72253, "delta": 8.537678}}
{"target": -0.3791623140475122, "params": {"infection_kernel_0": 0.08072329746904496, "infection_kernel_1": 0.006773671073025781, "pDieAlternate": 0.006793575968473662, "pInfectIntake": 0.008605552069822098, "pInsusceptibleIntake": 0.0939613958900831, "pSusceptibleIntake": 0.07313761452442857}, "datetime": {"datetime": "2019-03-19 20:06:40", "elapsed": 157.428906, "delta": 8.706376}}
{"target": -0.5948966521132708, "params": {"infection_kernel_0": 0.060680461608937745, "infection_kernel_1": 0.002045916832507885, "pDieAlternate": 0.005294411182641512, "pInfectIntake": 0.008180979935365533, "pInsusceptibleIntake": 0.17893371090147656, "pSusceptibleIntake": 0.1296180535649862}, "datetime": {"datetime": "2019-03-19 20:06:48", "elapsed": 166.104381, "delta": 8.675475}}
{"target": -0.5847032962051815, "params": {"infection_kernel_0": 0.08937133168190418, "infection_kernel_1": 0.005871177795241908, "pDieAlternate": 0.007057330667420475, "pInfectIntake": 0.02244891178581889, "pInsusceptibleIntake": 0.07610327050811977, "pSusceptibleIntake": 0.056065808721970575}, "datetime": {"datetime": "2019-03-19 20:06:56", "elapsed": 173.665842, "delta": 7.561461}}
{"target": -0.22856389150833636, "params": {"infection_kernel_0": 0.06955023751839676, "infection_kernel_1": 0.0033103479048825634, "pDieAlternate": 0.002514792946887843, "pInfectIntake": 0.016892719900870226, "pInsusceptibleIntake": 0.13523268361487123, "pSusceptibleIntake": 0.16092571312113182}, "datetime": {"datetime": "2019-03-19 20:07:05", "elapsed": 182.563306, "delta": 8.897464}}
{"target": -0.5611530747276983, "params": {"infection_kernel_0": 0.01, "infection_kernel_1": 0.001, "pDieAlternate": 0.0025, "pInfectIntake": 0.005, "pInsusceptibleIntake": 0.11316361845605911, "pSusceptibleIntake": 0.05}, "datetime": {"datetime": "2019-03-19 20:07:18", "elapsed": 195.72358, "delta": 13.160274}}
{"target": -0.21769991200472164, "params": {"infection_kernel_0": 0.052152965866884775, "infection_kernel_1": 0.001, "pDieAlternate": 0.0025, "pInfectIntake": 0.03, "pInsusceptibleIntake": 0.13295113501064812, "pSusceptibleIntake": 0.1410262923200584}, "datetime": {"datetime": "2019-03-19 20:07:32", "elapsed": 209.161047, "delta": 13.437467}}
{"target": -0.2940735757566872, "params": {"infection_kernel_0": 0.1, "infection_kernel_1": 0.001, "pDieAlternate": 0.0025, "pInfectIntake": 0.005, "pInsusceptibleIntake": 0.025, "pSusceptibleIntake": 0.05}, "datetime": {"datetime": "2019-03-19 20:07:45", "elapsed": 222.274767, "delta": 13.11372}}
{"target": -0.18478293359709444, "params": {"infection_kernel_0": 0.04510580991777798, "infection_kernel_1": 0.001, "pDieAlternate": 0.0025, "pInfectIntake": 0.005, "pInsusceptibleIntake": 0.025, "pSusceptibleIntake": 0.05}, "datetime": {"datetime": "2019-03-19 20:07:59", "elapsed": 236.300872, "delta": 14.026105}}
{"target": -0.31930714999863213, "params": {"infection_kernel_0": 0.06091885530749091, "infection_kernel_1": 0.001, "pDieAlternate": 0.0025, "pInfectIntake": 0.005, "pInsusceptibleIntake": 0.06354958169182388, "pSusceptibleIntake": 0.05}, "datetime": {"datetime": "2019-03-19 20:08:12", "elapsed": 249.446547, "delta": 13.145675}}
{"target": -0.22816009789268932, "params": {"infection_kernel_0": 0.01, "infection_kernel_1": 0.01, "pDieAlternate": 0.0025000000000000005, "pInfectIntake": 0.005, "pInsusceptibleIntake": 0.025, "pSusceptibleIntake": 0.05}, "datetime": {"datetime": "2019-03-19 20:08:26", "elapsed": 263.485578, "delta": 14.039031}}
{"target": -0.32738272860033674, "params": {"infection_kernel_0": 0.05814638584427468, "infection_kernel_1": 0.01, "pDieAlternate": 0.0025, "pInfectIntake": 0.005, "pInsusceptibleIntake": 0.025, "pSusceptibleIntake": 0.05}, "datetime": {"datetime": "2019-03-19 20:08:40", "elapsed": 277.335986, "delta": 13.850408}}
{"target": -0.30668055186888954, "params": {"infection_kernel_0": 0.01, "infection_kernel_1": 0.001, "pDieAlternate": 0.0025, "pInfectIntake": 0.005, "pInsusceptibleIntake": 0.025, "pSusceptibleIntake": 0.05}, "datetime": {"datetime": "2019-03-19 20:08:54", "elapsed": 292.013762, "delta": 14.677776}}
{"target": -0.6863233039697206, "params": {"infection_kernel_0": 0.01, "infection_kernel_1": 0.001, "pDieAlternate": 0.0025, "pInfectIntake": 0.005, "pInsusceptibleIntake": 0.2, "pSusceptibleIntake": 0.05}, "datetime": {"datetime": "2019-03-19 20:09:07", "elapsed": 304.408674, "delta": 12.394912}}
{"target": -0.4059314254765814, "params": {"infection_kernel_0": 0.05332839879143089, "infection_kernel_1": 0.001, "pDieAlternate": 0.0025, "pInfectIntake": 0.005, "pInsusceptibleIntake": 0.12571268231852853, "pSusceptibleIntake": 0.11261343419927632}, "datetime": {"datetime": "2019-03-19 20:09:21", "elapsed": 318.703187, "delta": 14.294513}}
{"target": -0.26475294185369275, "params": {"infection_kernel_0": 0.06625334618542732, "infection_kernel_1": 0.001, "pDieAlternate": 0.0025, "pInfectIntake": 0.03, "pInsusceptibleIntake": 0.12617261428382434, "pSusceptibleIntake": 0.16804069357225662}, "datetime": {"datetime": "2019-03-19 20:09:35", "elapsed": 332.730137, "delta": 14.02695}}
{"target": -0.48730185639409146, "params": {"infection_kernel_0": 0.1, "infection_kernel_1": 0.001, "pDieAlternate": 0.0025, "pInfectIntake": 0.005, "pInsusceptibleIntake": 0.10591475637390718, "pSusceptibleIntake": 0.05}, "datetime": {"datetime": "2019-03-19 20:09:48", "elapsed": 345.695799, "delta": 12.965662}}
{"target": -0.7973969770931859, "params": {"infection_kernel_0": 0.020606821286052988, "infection_kernel_1": 0.01, "pDieAlternate": 0.0025, "pInfectIntake": 0.03, "pInsusceptibleIntake": 0.025, "pSusceptibleIntake": 0.05}, "datetime": {"datetime": "2019-03-19 20:10:01", "elapsed": 358.751049, "delta": 13.05525}}
{"target": -0.7369643554510693, "params": {"infection_kernel_0": 0.028538980878189478, "infection_kernel_1": 0.01, "pDieAlternate": 0.01, "pInfectIntake": 0.005, "pInsusceptibleIntake": 0.025, "pSusceptibleIntake": 0.05}, "datetime": {"datetime": "2019-03-19 20:10:16", "elapsed": 373.419219, "delta": 14.66817}}
{"target": -0.36557633812649754, "params": {"infection_kernel_0": 0.01, "infection_kernel_1": 0.01, "pDieAlternate": 0.0025, "pInfectIntake": 0.03, "pInsusceptibleIntake": 0.15921280965774165, "pSusceptibleIntake": 0.11148365093106169}, "datetime": {"datetime": "2019-03-19 20:10:30", "elapsed": 387.129859, "delta": 13.71064}}
{"target": -0.3778679733228077, "params": {"infection_kernel_0": 0.01, "infection_kernel_1": 0.01, "pDieAlternate": 0.0025, "pInfectIntake": 0.005, "pInsusceptibleIntake": 0.06944285276622755, "pSusceptibleIntake": 0.08251943121299657}, "datetime": {"datetime": "2019-03-19 20:10:44", "elapsed": 401.13537, "delta": 14.005511}}
{"target": -0.3187621665707801, "params": {"infection_kernel_0": 0.06218600505590222, "infection_kernel_1": 0.001, "pDieAlternate": 0.0025, "pInfectIntake": 0.005, "pInsusceptibleIntake": 0.025, "pSusceptibleIntake": 0.06579740226625176}, "datetime": {"datetime": "2019-03-19 20:10:58", "elapsed": 415.792626, "delta": 14.657256}}
{"target": -0.29627873048488446, "params": {"infection_kernel_0": 0.01, "infection_kernel_1": 0.01, "pDieAlternate": 0.0025, "pInfectIntake": 0.03, "pInsusceptibleIntake": 0.11770878545444996, "pSusceptibleIntake": 0.1286749569872697}, "datetime": {"datetime": "2019-03-19 20:11:12", "elapsed": 429.709004, "delta": 13.916378}}
{"target": -0.3706378620465079, "params": {"infection_kernel_0": 0.06351596410117824, "infection_kernel_1": 0.01, "pDieAlternate": 0.0025, "pInfectIntake": 0.03, "pInsusceptibleIntake": 0.13487674074221853, "pSusceptibleIntake": 0.14881945799172364}, "datetime": {"datetime": "2019-03-19 20:11:25", "elapsed": 442.847629, "delta": 13.138625}}
{"target": -0.3872767173156428, "params": {"infection_kernel_0": 0.1, "infection_kernel_1": 0.001, "pDieAlternate": 0.0025, "pInfectIntake": 0.005, "pInsusceptibleIntake": 0.14185576014358944, "pSusceptibleIntake": 0.2}, "datetime": {"datetime": "2019-03-19 20:11:40", "elapsed": 457.199995, "delta": 14.352366}}
{"target": -0.37848743950405694, "params": {"infection_kernel_0": 0.01, "infection_kernel_1": 0.001, "pDieAlternate": 0.0025, "pInfectIntake": 0.03, "pInsusceptibleIntake": 0.14034493063551398, "pSusceptibleIntake": 0.14966276468732204}, "datetime": {"datetime": "2019-03-19 20:11:54", "elapsed": 472.083558, "delta": 14.883563}}
{"target": -0.3984330123909187, "params": {"infection_kernel_0": 0.01, "infection_kernel_1": 0.001, "pDieAlternate": 0.0025, "pInfectIntake": 0.03, "pInsusceptibleIntake": 0.12454732870119552, "pSusceptibleIntake": 0.0993630048450761}, "datetime": {"datetime": "2019-03-19 20:12:08", "elapsed": 485.749925, "delta": 13.666367}}
{"target": -0.4250450589134085, "params": {"infection_kernel_0": 0.061520267174584795, "infection_kernel_1": 0.001, "pDieAlternate": 0.0025, "pInfectIntake": 0.005, "pInsusceptibleIntake": 0.11771989021751965, "pSusceptibleIntake": 0.15743338492932155}, "datetime": {"datetime": "2019-03-19 20:12:23", "elapsed": 500.362148, "delta": 14.612223}}
{"target": -0.4385969155747482, "params": {"infection_kernel_0": 0.01, "infection_kernel_1": 0.001, "pDieAlternate": 0.0025, "pInfectIntake": 0.03, "pInsusceptibleIntake": 0.2, "pSusceptibleIntake": 0.10691375405984216}, "datetime": {"datetime": "2019-03-19 20:12:36", "elapsed": 513.687414, "delta": 13.325266}}
{"target": -0.3674579491822046, "params": {"infection_kernel_0": 0.1, "infection_kernel_1": 0.001, "pDieAlternate": 0.0025, "pInfectIntake": 0.03, "pInsusceptibleIntake": 0.13803327726805764, "pSusceptibleIntake": 0.17579399581824265}, "datetime": {"datetime": "2019-03-19 20:12:50", "elapsed": 527.800082, "delta": 14.112668}}
{"target": -0.274144708694077, "params": {"infection_kernel_0": 0.06234721179201283, "infection_kernel_1": 0.001, "pDieAlternate": 0.0025, "pInfectIntake": 0.005, "pInsusceptibleIntake": 0.025, "pSusceptibleIntake": 0.05}, "datetime": {"datetime": "2019-03-19 20:13:05", "elapsed": 542.677066, "delta": 14.876984}}
{"target": -0.21153680745758177, "params": {"infection_kernel_0": 0.1, "infection_kernel_1": 0.001, "pDieAlternate": 0.0025, "pInfectIntake": 0.005, "pInsusceptibleIntake": 0.06419363652195363, "pSusceptibleIntake": 0.06936172699824336}, "datetime": {"datetime": "2019-03-19 20:13:20", "elapsed": 557.410558, "delta": 14.733492}}
{"target": -0.7435708056397812, "params": {"infection_kernel_0": 0.1, "infection_kernel_1": 0.001, "pDieAlternate": 0.0025, "pInfectIntake": 0.005, "pInsusceptibleIntake": 0.2, "pSusceptibleIntake": 0.05}, "datetime": {"datetime": "2019-03-19 20:13:33", "elapsed": 571.106322, "delta": 13.695764}}
{"target": -0.24111699101521467, "params": {"infection_kernel_0": 0.1, "infection_kernel_1": 0.01, "pDieAlternate": 0.0025, "pInfectIntake": 0.005, "pInsusceptibleIntake": 0.06296767989036926, "pSusceptibleIntake": 0.05}, "datetime": {"datetime": "2019-03-19 20:13:48", "elapsed": 585.57346, "delta": 14.467138}}
{"target": -0.40739967248978476, "params": {"infection_kernel_0": 0.01, "infection_kernel_1": 0.01, "pDieAlternate": 0.0025, "pInfectIntake": 0.005, "pInsusceptibleIntake": 0.025, "pSusceptibleIntake": 0.08062791229005567}, "datetime": {"datetime": "2019-03-19 20:14:05", "elapsed": 602.189362, "delta": 16.615902}}
{"target": -0.35148611726418316, "params": {"infection_kernel_0": 0.05202862666497304, "infection_kernel_1": 0.01, "pDieAlternate": 0.0025, "pInfectIntake": 0.005, "pInsusceptibleIntake": 0.09439577897836034, "pSusceptibleIntake": 0.07419478736444186}, "datetime": {"datetime": "2019-03-19 20:14:19", "elapsed": 616.45714, "delta": 14.267778}}
{"target": -0.27908918722493953, "params": {"infection_kernel_0": 0.07864605379902019, "infection_kernel_1": 0.001, "pDieAlternate": 0.0025, "pInfectIntake": 0.005, "pInsusceptibleIntake": 0.07840515050284624, "pSusceptibleIntake": 0.07806664976094005}, "datetime": {"datetime": "2019-03-19 20:14:33", "elapsed": 630.781055, "delta": 14.323915}}
{"target": -0.27999455734005313, "params": {"infection_kernel_0": 0.01, "infection_kernel_1": 0.01, "pDieAlternate": 0.0025, "pInfectIntake": 0.005, "pInsusceptibleIntake": 0.05232769792577699, "pSusceptibleIntake": 0.05}, "datetime": {"datetime": "2019-03-19 20:14:48", "elapsed": 645.839492, "delta": 15.058437}}
{"target": -0.3044571873445347, "params": {"infection_kernel_0": 0.07123733800753047, "infection_kernel_1": 0.001, "pDieAlternate": 0.0025, "pInfectIntake": 0.03, "pInsusceptibleIntake": 0.13430778917430317, "pSusceptibleIntake": 0.2}, "datetime": {"datetime": "2019-03-19 20:15:03", "elapsed": 660.977075, "delta": 15.137583}}
{"target": -0.28438003286189545, "params": {"infection_kernel_0": 0.04231148968892113, "infection_kernel_1": 0.001, "pDieAlternate": 0.0025, "pInfectIntake": 0.03, "pInsusceptibleIntake": 0.15346599104033656, "pSusceptibleIntake": 0.11829696182720545}, "datetime": {"datetime": "2019-03-19 20:15:18", "elapsed": 675.581858, "delta": 14.604783}}
{"target": -0.2229760498491524, "params": {"infection_kernel_0": 0.1, "infection_kernel_1": 0.001, "pDieAlternate": 0.0025, "pInfectIntake": 0.005, "pInsusceptibleIntake": 0.054589397232269125, "pSusceptibleIntake": 0.05}, "datetime": {"datetime": "2019-03-19 20:15:32", "elapsed": 689.921698, "delta": 14.33984}}
{"target": -0.3088293162465499, "params": {"infection_kernel_0": 0.01, "infection_kernel_1": 0.001, "pDieAlternate": 0.0025, "pInfectIntake": 0.03, "pInsusceptibleIntake": 0.2, "pSusceptibleIntake": 0.2}, "datetime": {"datetime": "2019-03-19 20:15:47", "elapsed": 704.982766, "delta": 15.061068}}
{"target": -0.3498569128944495, "params": {"infection_kernel_0": 0.01, "infection_kernel_1": 0.001, "pDieAlternate": 0.0025, "pInfectIntake": 0.03, "pInsusceptibleIntake": 0.15279313101733957, "pSusceptibleIntake": 0.2}, "datetime": {"datetime": "2019-03-19 20:16:03", "elapsed": 720.916736, "delta": 15.93397}}
{"target": -0.2484368279204782, "params": {"infection_kernel_0": 0.1, "infection_kernel_1": 0.001, "pDieAlternate": 0.0025, "pInfectIntake": 0.03, "pInsusceptibleIntake": 0.2, "pSusceptibleIntake": 0.2}, "datetime": {"datetime": "2019-03-19 20:16:19", "elapsed": 736.773015, "delta": 15.856279}}
{"target": -0.49186131064174715, "params": {"infection_kernel_0": 0.1, "infection_kernel_1": 0.001, "pDieAlternate": 0.0025, "pInfectIntake": 0.005, "pInsusceptibleIntake": 0.2, "pSusceptibleIntake": 0.2}, "datetime": {"datetime": "2019-03-19 20:16:35", "elapsed": 752.482392, "delta": 15.709377}}
{"target": -0.20500569612257777, "params": {"infection_kernel_0": 0.1, "infection_kernel_1": 0.001, "pDieAlternate": 0.0025, "pInfectIntake": 0.03, "pInsusceptibleIntake": 0.2, "pSusceptibleIntake": 0.14577355612587026}, "datetime": {"datetime": "2019-03-19 20:16:49", "elapsed": 767.098896, "delta": 14.616504}}
{"target": -0.2505980981010615, "params": {"infection_kernel_0": 0.1, "infection_kernel_1": 0.001, "pDieAlternate": 0.0025, "pInfectIntake": 0.03, "pInsusceptibleIntake": 0.2, "pSusceptibleIntake": 0.1688957376254478}, "datetime": {"datetime": "2019-03-19 20:17:04", "elapsed": 781.947838, "delta": 14.848942}}
{"target": -0.36891531509881365, "params": {"infection_kernel_0": 0.07207373687857016, "infection_kernel_1": 0.001, "pDieAlternate": 0.0025, "pInfectIntake": 0.03, "pInsusceptibleIntake": 0.2, "pSusceptibleIntake": 0.11279355436127943}, "datetime": {"datetime": "2019-03-19 20:17:20", "elapsed": 797.198492, "delta": 15.250654}}
{"target": -0.20332618003464242, "params": {"infection_kernel_0": 0.07359919486471699, "infection_kernel_1": 0.001, "pDieAlternate": 0.0025, "pInfectIntake": 0.023682010270557198, "pInsusceptibleIntake": 0.1424956232202297, "pSusceptibleIntake": 0.1511817301118553}, "datetime": {"datetime": "2019-03-19 20:17:35", "elapsed": 812.197343, "delta": 14.998851}}
